<?xml version="1.0" encoding="UTF-8"?>
<!-- Generated by org.testng.reporters.JUnitXMLReporter -->
<testsuite ignored="2" hostname="DESKTOP-JFALR25" failures="0" tests="2" name="Chrometest(failed)(failed)" time="57.745" errors="0" timestamp="2022-09-20T22:25:09 IST">
  <testcase classname="testPack.FlipcartTestNg" name="test2" time="0.013"/>
  <testcase classname="testPack.TestNgpractice" name="test2" time="0.002"/>
  <testcase classname="testPack.TestNgpractice" name="test" time="0.0">
    <ignored/>
  </testcase> <!-- test -->
  <testcase classname="testPack.FlipcartTestNg" name="test1" time="0.0">
    <ignored/>
  </testcase> <!-- test1 -->
</testsuite> <!-- Chrometest(failed)(failed) -->
