<?xml version="1.0" encoding="UTF-8"?>
<!-- Generated by org.testng.reporters.JUnitXMLReporter -->
<testsuite ignored="0" hostname="DESKTOP-JFALR25" failures="0" tests="1" name="ChromeTest" time="0.108" errors="0" timestamp="2022-09-22T00:11:23 IST">
  <testcase classname="starhealthTest.StarhealthTest" name="@BeforeTest openbrowser" time="0.019">
    <failure type="java.lang.NullPointerException" message="Cannot invoke &amp;quot;org.openqa.selenium.WebDriver.get(String)&amp;quot; because &amp;quot;this.driver&amp;quot; is null">
      <![CDATA[java.lang.NullPointerException: Cannot invoke "org.openqa.selenium.WebDriver.get(String)" because "this.driver" is null
at starhealthTest.StarhealthTest.openbrowser(StarhealthTest.java:44)
... Removed 22 stack frames]]>
    </failure>
  </testcase> <!-- @BeforeTest openbrowser -->
  <testcase classname="starhealthTest.StarhealthTest" name="@BeforeClass objectsofPom" time="-1.663785682967E9">
    <skipped/>
  </testcase> <!-- @BeforeClass objectsofPom -->
  <testcase classname="starhealthTest.StarhealthTest" name="@BeforeMethod callmethod" time="-1.663785682981E9">
    <skipped/>
  </testcase> <!-- @BeforeMethod callmethod -->
  <testcase classname="starhealthTest.StarhealthTest" name="@AfterMethod aftermethod" time="-1.66378568299E9">
    <skipped/>
  </testcase> <!-- @AfterMethod aftermethod -->
  <testcase classname="starhealthTest.StarhealthTest" name="@AfterTest afterTest" time="-1.663785682995E9">
    <skipped/>
  </testcase> <!-- @AfterTest afterTest -->
  <testcase classname="starhealthTest.StarhealthTest" name="test" time="0.0">
    <skipped/>
  </testcase> <!-- test -->
</testsuite> <!-- ChromeTest -->
