<?xml version="1.0" encoding="UTF-8"?>
<!-- Generated by org.testng.reporters.JUnitXMLReporter -->
<testsuite ignored="0" hostname="DESKTOP-JFALR25" failures="0" tests="3" name="RegressionSuite" time="8.494" errors="0" timestamp="2022-09-18T22:26:47 IST">
  <testcase classname="testPack.TestNgpractice" name="test" time="0.017"/>
  <testcase classname="testPack.TestNgpractice" name="test2" time="0.002"/>
  <testcase classname="testPack.FlipcartTestNg" name="test" time="0.024"/>
</testsuite> <!-- RegressionSuite -->
